<?xml version="1.0" encoding="UTF-8"?>
<!-- Generated by org.testng.reporters.JUnitXMLReporter -->
<testsuite hostname="Santoshs-MacBook-Air.local" ignored="0" name="API Automation" tests="6" failures="0" timestamp="2020-07-02T20:45:12 IST" time="30.481" errors="0">
  <testcase name="getCallAPI" time="20.053" classname="com.qa.testcases.GetAPITest"/>
  <testcase name="postCallAPI" time="1.957" classname="com.qa.testcases.PostAPITest"/>
  <testcase name="putCallAPI" time="0.782" classname="com.qa.testcases.PutAPITest"/>
  <testcase name="deleteCallAPI" time="0.771" classname="com.qa.testcases.DeleteAPITest"/>
  <testcase name="validateBigGetAPI" time="1.886" classname="com.qa.testcases.GetBigAPITest"/>
  <testcase name="shopifyPostGetCallAPI" time="4.766" classname="com.qa.testcases.PostAndGetShopifyAPI"/>
</testsuite> <!-- API Automation -->
