<?xml version="1.0" encoding="UTF-8"?>
<!-- Generated by org.testng.reporters.JUnitXMLReporter -->
<testsuite hostname="Santoshs-MacBook-Air.local" ignored="0" name="API Automation" tests="6" failures="0" timestamp="2020-07-03T09:51:15 IST" time="15.346" errors="0">
  <testcase name="getCallAPI" time="5.647" classname="com.qa.testcases.GetAPITest"/>
  <testcase name="postCallAPI" time="1.441" classname="com.qa.testcases.PostAPITest"/>
  <testcase name="putCallAPI" time="0.794" classname="com.qa.testcases.PutAPITest"/>
  <testcase name="deleteCallAPI" time="0.641" classname="com.qa.testcases.DeleteAPITest"/>
  <testcase name="validateBigGetAPI" time="1.781" classname="com.qa.testcases.GetBigAPITest"/>
  <testcase name="shopifyPostGetCallAPI" time="4.933" classname="com.qa.testcases.PostAndGetShopifyAPI"/>
</testsuite> <!-- API Automation -->
