<?xml version="1.0" encoding="UTF-8"?>
<testng-results skipped="0" failed="0" ignored="0" total="6" passed="6">
  <reporter-output>
  </reporter-output>
  <suite name="All Test Suite" duration-ms="15346" started-at="2020-07-03T09:50:55 IST" finished-at="2020-07-03T09:51:10 IST">
    <groups>
    </groups>
    <test name="API Automation" duration-ms="15346" started-at="2020-07-03T09:50:55 IST" finished-at="2020-07-03T09:51:10 IST">
      <class name="com.qa.testcases.PostAPITest">
        <test-method status="PASS" signature="postCallAPI()[pri:0, instance:com.qa.testcases.PostAPITest@6150c3ec]" name="postCallAPI" duration-ms="1441" started-at="2020-07-03T09:51:00 IST" finished-at="2020-07-03T09:51:02 IST">
          <reporter-output>
          </reporter-output>
        </test-method> <!-- postCallAPI -->
      </class> <!-- com.qa.testcases.PostAPITest -->
      <class name="com.qa.testcases.PostAndGetShopifyAPI">
        <test-method status="PASS" signature="shopifyPostGetCallAPI()[pri:0, instance:com.qa.testcases.PostAndGetShopifyAPI@6a78afa0]" name="shopifyPostGetCallAPI" duration-ms="4933" started-at="2020-07-03T09:51:05 IST" finished-at="2020-07-03T09:51:10 IST">
          <reporter-output>
          </reporter-output>
        </test-method> <!-- shopifyPostGetCallAPI -->
      </class> <!-- com.qa.testcases.PostAndGetShopifyAPI -->
      <class name="com.qa.testcases.GetBigAPITest">
        <test-method status="PASS" signature="validateBigGetAPI()[pri:0, instance:com.qa.testcases.GetBigAPITest@dd05255]" name="validateBigGetAPI" duration-ms="1781" started-at="2020-07-03T09:51:03 IST" finished-at="2020-07-03T09:51:05 IST">
          <reporter-output>
          </reporter-output>
        </test-method> <!-- validateBigGetAPI -->
      </class> <!-- com.qa.testcases.GetBigAPITest -->
      <class name="com.qa.testcases.GetAPITest">
        <test-method status="PASS" signature="getCallAPI()[pri:0, instance:com.qa.testcases.GetAPITest@1573f9fc]" name="getCallAPI" duration-ms="5647" started-at="2020-07-03T09:50:55 IST" finished-at="2020-07-03T09:51:00 IST">
          <reporter-output>
          </reporter-output>
        </test-method> <!-- getCallAPI -->
      </class> <!-- com.qa.testcases.GetAPITest -->
      <class name="com.qa.testcases.DeleteAPITest">
        <test-method status="PASS" signature="deleteCallAPI()[pri:0, instance:com.qa.testcases.DeleteAPITest@7e6f74c]" name="deleteCallAPI" duration-ms="641" started-at="2020-07-03T09:51:03 IST" finished-at="2020-07-03T09:51:03 IST">
          <reporter-output>
          </reporter-output>
        </test-method> <!-- deleteCallAPI -->
      </class> <!-- com.qa.testcases.DeleteAPITest -->
      <class name="com.qa.testcases.PutAPITest">
        <test-method status="PASS" signature="putCallAPI()[pri:0, instance:com.qa.testcases.PutAPITest@44c03695]" name="putCallAPI" duration-ms="794" started-at="2020-07-03T09:51:02 IST" finished-at="2020-07-03T09:51:03 IST">
          <reporter-output>
          </reporter-output>
        </test-method> <!-- putCallAPI -->
      </class> <!-- com.qa.testcases.PutAPITest -->
    </test> <!-- API Automation -->
  </suite> <!-- All Test Suite -->
</testng-results>
